<?xml version="1.0" encoding="UTF-8"?>
<!-- Generated by org.testng.reporters.JUnitReportReporter -->
<testsuite hostname="PC-IT-Com18" failures="0" tests="1" name="testCases.LoginPageTest" time="17.418" errors="0" timestamp="2025-10-03T15:43:38 IST" skipped="0">
  <testcase classname="testCases.LoginPageTest" name="loginBtresAccTest" time="17.418"/>
</testsuite> <!-- testCases.LoginPageTest -->
